<?xml version="1.0" encoding="UTF-8"?>
<!-- Generated by org.testng.reporters.JUnitXMLReporter -->
<testsuite ignored="0" hostname="JayPooja" failures="0" tests="4" name="Test" time="5.617" errors="0" timestamp="2023-12-13T16:19:40 NZDT">
  <testcase classname="day8_Chaining.ChainingCreateUser" name="testCreateUser" time="2.669"/>
  <testcase classname="day8_Chaining.ChainingGetUser" name="getUser" time="0.905"/>
  <testcase classname="day8_Chaining.ChainingUpdateUser" name="testUpdateUser" time="1.111"/>
  <testcase classname="day8_Chaining.ChainingDeleteUser" name="deleteUser" time="0.884"/>
</testsuite> <!-- Test -->
